mode: set
github.com/kubesphere/kubeeye-v1alpha2/controllers/kubeeye/clusterinsight_controller.go:61.106,66.71 3 0
github.com/kubesphere/kubeeye-v1alpha2/controllers/kubeeye/clusterinsight_controller.go:74.2,76.16 2 0
github.com/kubesphere/kubeeye-v1alpha2/controllers/kubeeye/clusterinsight_controller.go:82.2,84.16 3 0
github.com/kubesphere/kubeeye-v1alpha2/controllers/kubeeye/clusterinsight_controller.go:89.2,99.46 5 0
github.com/kubesphere/kubeeye-v1alpha2/controllers/kubeeye/clusterinsight_controller.go:108.2,108.63 1 0
github.com/kubesphere/kubeeye-v1alpha2/controllers/kubeeye/clusterinsight_controller.go:113.2,116.43 2 0
github.com/kubesphere/kubeeye-v1alpha2/controllers/kubeeye/clusterinsight_controller.go:120.2,121.16 2 0
github.com/kubesphere/kubeeye-v1alpha2/controllers/kubeeye/clusterinsight_controller.go:126.2,126.56 1 0
github.com/kubesphere/kubeeye-v1alpha2/controllers/kubeeye/clusterinsight_controller.go:66.71,67.30 1 0
github.com/kubesphere/kubeeye-v1alpha2/controllers/kubeeye/clusterinsight_controller.go:67.30,70.4 2 0
github.com/kubesphere/kubeeye-v1alpha2/controllers/kubeeye/clusterinsight_controller.go:76.16,79.3 2 0
github.com/kubesphere/kubeeye-v1alpha2/controllers/kubeeye/clusterinsight_controller.go:84.16,87.3 2 0
github.com/kubesphere/kubeeye-v1alpha2/controllers/kubeeye/clusterinsight_controller.go:99.46,100.44 1 0
github.com/kubesphere/kubeeye-v1alpha2/controllers/kubeeye/clusterinsight_controller.go:100.44,101.34 1 0
github.com/kubesphere/kubeeye-v1alpha2/controllers/kubeeye/clusterinsight_controller.go:101.34,103.5 1 0
github.com/kubesphere/kubeeye-v1alpha2/controllers/kubeeye/clusterinsight_controller.go:108.63,111.3 2 0
github.com/kubesphere/kubeeye-v1alpha2/controllers/kubeeye/clusterinsight_controller.go:116.43,118.3 1 0
github.com/kubesphere/kubeeye-v1alpha2/controllers/kubeeye/clusterinsight_controller.go:121.16,124.3 2 0
github.com/kubesphere/kubeeye-v1alpha2/controllers/kubeeye/clusterinsight_controller.go:130.77,134.2 1 0
github.com/kubesphere/kubeeye-v1alpha2/controllers/kubeeye/clusterinsight_controller.go:136.93,143.2 6 0
